[2022-10-17 17:09:06,396] INFO: args:
 - ('regression_mode', False)
 - ('data_config', 'data/QuarkGluon/qg_kin.yaml')
 - ('data_train', ['./datasets/QuarkGluon/train_file_*.parquet'])
 - ('data_val', [])
 - ('data_test', ['./datasets/QuarkGluon/test_file_*.parquet'])
 - ('data_fraction', 1)
 - ('file_fraction', 1)
 - ('fetch_by_files', False)
 - ('fetch_step', 1.0)
 - ('in_memory', True)
 - ('train_val_split', 0.8889)
 - ('no_remake_weights', False)
 - ('demo', False)
 - ('lr_finder', None)
 - ('tensorboard', 'QuarkGluon_kin_ParT')
 - ('tensorboard_custom_fn', None)
 - ('network_config', 'networks/example_ParticleTransformer.py')
 - ('network_option', [])
 - ('model_prefix', 'training/QuarkGluon/ParT/20221017-170906_example_ParticleTransformer_ranger_lr0.001_batch512/net')
 - ('load_model_weights', None)
 - ('num_epochs', 20)
 - ('steps_per_epoch', 3125)
 - ('steps_per_epoch_val', 390)
 - ('samples_per_epoch', 1600000)
 - ('samples_per_epoch_val', 200000)
 - ('optimizer', 'ranger')
 - ('optimizer_option', [['weight_decay', '0.01']])
 - ('lr_scheduler', 'flat+decay')
 - ('warmup_steps', 0)
 - ('load_epoch', None)
 - ('start_lr', 0.001)
 - ('batch_size', 512)
 - ('use_amp', True)
 - ('gpus', '0')
 - ('predict_gpus', '0')
 - ('num_workers', 1)
 - ('predict', False)
 - ('predict_output', 'pred.root')
 - ('export_onnx', None)
 - ('io_test', False)
 - ('copy_inputs', False)
 - ('log', 'logs/QuarkGluon_ParT_20221017-170906_example_ParticleTransformer_ranger_lr0.001_batch512.log')
 - ('print', False)
 - ('profile', False)
 - ('backend', None)
 - ('_auto_model_name', '20221017-170906_example_ParticleTransformer_ranger_lr0.001_batch512')
 - ('local_rank', None)
[2022-10-17 17:09:06,396] INFO: Running in classification mode
[2022-10-17 17:09:06,539] INFO: Using 0 files for training, range: (0, 0.8889)
[2022-10-17 17:09:06,539] INFO: Using 0 files for validation, range: (0.8889, 1)
